# JRE version: OpenJDK Runtime Environment (8.0_76-b03) (build 1.8.0_76-release-b03)
# Java VM: OpenJDK 64-Bit Server VM (25.76-b03 mixed mode windows-amd64 compressed oops)
Heap:
 PSYoungGen      total 162304K, used 126292K [0x00000000e0000000, 0x00000000ec200000, 0x0000000100000000)
  eden space 139776K, 74% used [0x00000000e0000000,0x00000000e6556540,0x00000000e8880000)
  from space 22528K, 99% used [0x00000000ea380000,0x00000000eb97ed08,0x00000000eb980000)
  to   space 27648K, 0% used [0x00000000e8880000,0x00000000e8880000,0x00000000ea380000)
 ParOldGen       total 104960K, used 38826K [0x00000000a0000000, 0x00000000a6680000, 0x00000000e0000000)
  object space 104960K, 36% used [0x00000000a0000000,0x00000000a25eaa38,0x00000000a6680000)
 Metaspace       used 61382K, capacity 63960K, committed 64256K, reserved 1105920K
  class space    used 8111K, capacity 8612K, committed 8704K, reserved 1048576K
GC Heap History (10 events):
Event: 19.234 GC heap before
{Heap before GC invocations=15 (full 2):
 PSYoungGen      total 146432K, used 70849K [0x00000000e0000000, 0x00000000ea380000, 0x0000000100000000)
  eden space 130560K, 42% used [0x00000000e0000000,0x00000000e35b8098,0x00000000e7f80000)
  from space 15872K, 99% used [0x00000000e9180000,0x00000000ea0f8718,0x00000000ea100000)
  to   space 18432K, 0% used [0x00000000e7f80000,0x00000000e7f80000,0x00000000e9180000)
 ParOldGen       total 104960K, used 22847K [0x00000000a0000000, 0x00000000a6680000, 0x00000000e0000000)
  object space 104960K, 21% used [0x00000000a0000000,0x00000000a164ff50,0x00000000a6680000)
 Metaspace       used 53533K, capacity 54812K, committed 55040K, reserved 1097728K
  class space    used 7030K, capacity 7322K, committed 7424K, reserved 1048576K
Event: 19.251 GC heap after
Heap after GC invocations=15 (full 2):
 PSYoungGen      total 148992K, used 17948K [0x00000000e0000000, 0x00000000ea780000, 0x0000000100000000)
  eden space 130560K, 0% used [0x00000000e0000000,0x00000000e0000000,0x00000000e7f80000)
  from space 18432K, 97% used [0x00000000e7f80000,0x00000000e91071c8,0x00000000e9180000)
  to   space 20480K, 0% used [0x00000000e9380000,0x00000000e9380000,0x00000000ea780000)
 ParOldGen       total 104960K, used 22855K [0x00000000a0000000, 0x00000000a6680000, 0x00000000e0000000)
  object space 104960K, 21% used [0x00000000a0000000,0x00000000a1651f50,0x00000000a6680000)
 Metaspace       used 53533K, capacity 54812K, committed 55040K, reserved 1097728K
  class space    used 7030K, capacity 7322K, committed 7424K, reserved 1048576K
}
Event: 19.251 GC heap before
{Heap before GC invocations=16 (full 3):
 PSYoungGen      total 148992K, used 17948K [0x00000000e0000000, 0x00000000ea780000, 0x0000000100000000)
  eden space 130560K, 0% used [0x00000000e0000000,0x00000000e0000000,0x00000000e7f80000)
  from space 18432K, 97% used [0x00000000e7f80000,0x00000000e91071c8,0x00000000e9180000)
  to   space 20480K, 0% used [0x00000000e9380000,0x00000000e9380000,0x00000000ea780000)
 ParOldGen       total 104960K, used 22855K [0x00000000a0000000, 0x00000000a6680000, 0x00000000e0000000)
  object space 104960K, 21% used [0x00000000a0000000,0x00000000a1651f50,0x00000000a6680000)
 Metaspace       used 53533K, capacity 54812K, committed 55040K, reserved 1097728K
  class space    used 7030K, capacity 7322K, committed 7424K, reserved 1048576K
Event: 19.460 GC heap after
Heap after GC invocations=16 (full 3):
 PSYoungGen      total 148992K, used 0K [0x00000000e0000000, 0x00000000ea780000, 0x0000000100000000)
  eden space 130560K, 0% used [0x00000000e0000000,0x00000000e0000000,0x00000000e7f80000)
  from space 18432K, 0% used [0x00000000e7f80000,0x00000000e7f80000,0x00000000e9180000)
  to   space 20480K, 0% used [0x00000000e9380000,0x00000000e9380000,0x00000000ea780000)
 ParOldGen       total 104960K, used 32451K [0x00000000a0000000, 0x00000000a6680000, 0x00000000e0000000)
  object space 104960K, 30% used [0x00000000a0000000,0x00000000a1fb0c30,0x00000000a6680000)
 Metaspace       used 53533K, capacity 54812K, committed 55040K, reserved 1097728K
  class space    used 7030K, capacity 7322K, committed 7424K, reserved 1048576K
}
Event: 92.675 GC heap before
{Heap before GC invocations=17 (full 3):
 PSYoungGen      total 148992K, used 130560K [0x00000000e0000000, 0x00000000ea780000, 0x0000000100000000)
  eden space 130560K, 100% used [0x00000000e0000000,0x00000000e7f80000,0x00000000e7f80000)
  from space 18432K, 0% used [0x00000000e7f80000,0x00000000e7f80000,0x00000000e9180000)
  to   space 20480K, 0% used [0x00000000e9380000,0x00000000e9380000,0x00000000ea780000)
 ParOldGen       total 104960K, used 32451K [0x00000000a0000000, 0x00000000a6680000, 0x00000000e0000000)
  object space 104960K, 30% used [0x00000000a0000000,0x00000000a1fb0c30,0x00000000a6680000)
 Metaspace       used 57465K, capacity 59234K, committed 59520K, reserved 1101824K
  class space    used 7482K, capacity 7797K, committed 7808K, reserved 1048576K
Event: 92.685 GC heap after
Heap after GC invocations=17 (full 3):
 PSYoungGen      total 152064K, used 9166K [0x00000000e0000000, 0x00000000eb400000, 0x0000000100000000)
  eden space 131584K, 0% used [0x00000000e0000000,0x00000000e0000000,0x00000000e8080000)
  from space 20480K, 44% used [0x00000000e9380000,0x00000000e9c73800,0x00000000ea780000)
  to   space 19456K, 0% used [0x00000000e8080000,0x00000000e8080000,0x00000000e9380000)
 ParOldGen       total 104960K, used 32459K [0x00000000a0000000, 0x00000000a6680000, 0x00000000e0000000)
  object space 104960K, 30% used [0x00000000a0000000,0x00000000a1fb2c30,0x00000000a6680000)
 Metaspace       used 57465K, capacity 59234K, committed 59520K, reserved 1101824K
  class space    used 7482K, capacity 7797K, committed 7808K, reserved 1048576K
}
Event: 98.424 GC heap before
{Heap before GC invocations=18 (full 3):
 PSYoungGen      total 152064K, used 140750K [0x00000000e0000000, 0x00000000eb400000, 0x0000000100000000)
  eden space 131584K, 100% used [0x00000000e0000000,0x00000000e8080000,0x00000000e8080000)
  from space 20480K, 44% used [0x00000000e9380000,0x00000000e9c73800,0x00000000ea780000)
  to   space 19456K, 0% used [0x00000000e8080000,0x00000000e8080000,0x00000000e9380000)
 ParOldGen       total 104960K, used 32459K [0x00000000a0000000, 0x00000000a6680000, 0x00000000e0000000)
  object space 104960K, 30% used [0x00000000a0000000,0x00000000a1fb2c30,0x00000000a6680000)
 Metaspace       used 60787K, capacity 63264K, committed 63488K, reserved 1103872K
  class space    used 8094K, capacity 8582K, committed 8704K, reserved 1048576K
Event: 98.462 GC heap after
Heap after GC invocations=18 (full 3):
 PSYoungGen      total 151040K, used 19428K [0x00000000e0000000, 0x00000000eb980000, 0x0000000100000000)
  eden space 131584K, 0% used [0x00000000e0000000,0x00000000e0000000,0x00000000e8080000)
  from space 19456K, 99% used [0x00000000e8080000,0x00000000e9379260,0x00000000e9380000)
  to   space 22528K, 0% used [0x00000000ea380000,0x00000000ea380000,0x00000000eb980000)
 ParOldGen       total 104960K, used 33850K [0x00000000a0000000, 0x00000000a6680000, 0x00000000e0000000)
  object space 104960K, 32% used [0x00000000a0000000,0x00000000a210ea28,0x00000000a6680000)
 Metaspace       used 60787K, capacity 63264K, committed 63488K, reserved 1103872K
  class space    used 8094K, capacity 8582K, committed 8704K, reserved 1048576K
}
Event: 104.337 GC heap before
{Heap before GC invocations=19 (full 3):
 PSYoungGen      total 151040K, used 151012K [0x00000000e0000000, 0x00000000eb980000, 0x0000000100000000)
  eden space 131584K, 100% used [0x00000000e0000000,0x00000000e8080000,0x00000000e8080000)
  from space 19456K, 99% used [0x00000000e8080000,0x00000000e9379260,0x00000000e9380000)
  to   space 22528K, 0% used [0x00000000ea380000,0x00000000ea380000,0x00000000eb980000)
 ParOldGen       total 104960K, used 33850K [0x00000000a0000000, 0x00000000a6680000, 0x00000000e0000000)
  object space 104960K, 32% used [0x00000000a0000000,0x00000000a210ea28,0x00000000a6680000)
 Metaspace       used 61210K, capacity 63674K, committed 64000K, reserved 1103872K
  class space    used 8108K, capacity 8607K, committed 8704K, reserved 1048576K
Event: 104.375 GC heap after
Heap after GC invocations=19 (full 3):
 PSYoungGen      total 162304K, used 22523K [0x00000000e0000000, 0x00000000ec200000, 0x0000000100000000)
  eden space 139776K, 0% used [0x00000000e0000000,0x00000000e0000000,0x00000000e8880000)
  from space 22528K, 99% used [0x00000000ea380000,0x00000000eb97ed08,0x00000000eb980000)
  to   space 27648K, 0% used [0x00000000e8880000,0x00000000e8880000,0x00000000ea380000)
 ParOldGen       total 104960K, used 38826K [0x00000000a0000000, 0x00000000a6680000, 0x00000000e0000000)
  object space 104960K, 36% used [0x00000000a0000000,0x00000000a25eaa38,0x00000000a6680000)
 Metaspace       used 61210K, capacity 63674K, committed 64000K, reserved 1103872K
  class space    used 8108K, capacity 8607K, committed 8704K, reserved 1048576K
}

